{"level":"info","message":"Server started on port 5000","timestamp":"2025-05-27 06:05:00"}
{"level":"info","message":"Connect to MongoDb Successfully!","timestamp":"2025-05-27 06:05:02"}
{"level":"info","message":"Server started on port 5000","timestamp":"2025-05-27 06:40:36"}
{"level":"info","message":"Server started on port 5000","timestamp":"2025-05-27 06:40:59"}
{"level":"info","message":"Connect to MongoDb Successfully!","timestamp":"2025-05-27 06:41:00"}
{"level":"info","message":"Server started on port 5000","timestamp":"2025-05-27 06:58:37"}
{"level":"info","message":"Connect to MongoDb Successfully!","timestamp":"2025-05-27 06:58:39"}
{"level":"info","message":"Server started on port 5000","timestamp":"2025-05-27 07:01:02"}
{"level":"info","message":"Server started on port 5000","timestamp":"2025-05-27 07:01:31"}
{"level":"info","message":"Connect to MongoDb Successfully!","timestamp":"2025-05-27 07:01:33"}
{"level":"info","message":"Server started on port 5000","timestamp":"2025-05-27 07:01:59"}
{"level":"info","message":"Connect to MongoDb Successfully!","timestamp":"2025-05-27 07:02:01"}
{"level":"info","message":"Server started on port 5000","timestamp":"2025-05-27 07:02:53"}
{"level":"info","message":"Connect to MongoDb Successfully!","timestamp":"2025-05-27 07:02:55"}
{"level":"info","message":"Server started on port 5000","timestamp":"2025-05-27 07:03:48"}
{"level":"info","message":"Connect to MongoDb Successfully!","timestamp":"2025-05-27 07:03:50"}
{"level":"info","message":"Server started on port 5000","timestamp":"2025-05-27 07:07:10"}
{"level":"info","message":"Connect to MongoDb Successfully!","timestamp":"2025-05-27 07:07:11"}
{"level":"info","message":"Server started on port 5000","timestamp":"2025-05-27 07:07:52"}
{"level":"info","message":"Connect to MongoDb Successfully!","timestamp":"2025-05-27 07:07:53"}
{"level":"info","message":"Server started on port 5000","timestamp":"2025-05-27 07:13:16"}
{"level":"info","message":"Connect to MongoDb Successfully!","timestamp":"2025-05-27 07:13:18"}
{"level":"info","message":"Server started on port 5000","timestamp":"2025-05-27 07:13:36"}
{"level":"info","message":"Server started on port 5000","timestamp":"2025-05-27 07:13:52"}
{"level":"info","message":"Connect to MongoDb Successfully!","timestamp":"2025-05-27 07:13:54"}
{"level":"info","message":"Server started on port 5000","timestamp":"2025-05-27 07:31:04"}
{"level":"info","message":"Connect to MongoDb Successfully!","timestamp":"2025-05-27 07:31:06"}
{"level":"info","message":"Server started on port 5000","timestamp":"2025-05-27 07:31:58"}
{"level":"info","message":"Connect to MongoDb Successfully!","timestamp":"2025-05-27 07:32:00"}
{"level":"info","message":"Server started on port 5000","timestamp":"2025-05-27 07:33:10"}
{"level":"info","message":"Connect to MongoDb Successfully!","timestamp":"2025-05-27 07:33:12"}
{"level":"info","message":"Server started on port 5000","timestamp":"2025-05-27 07:33:32"}
{"level":"info","message":"Connect to MongoDb Successfully!","timestamp":"2025-05-27 07:33:34"}
{"level":"info","message":"Server started on port 5000","timestamp":"2025-05-27 07:35:26"}
{"level":"info","message":"Connect to MongoDb Successfully!","timestamp":"2025-05-27 07:35:28"}
{"level":"info","message":"Server started on port 5000","timestamp":"2025-05-27 17:58:51"}
{"level":"info","message":"Connect to MongoDb Successfully!","timestamp":"2025-05-27 17:58:53"}
{"level":"info","message":"Server started on port 5000","timestamp":"2025-05-27 17:59:48"}
{"level":"info","message":"Connect to MongoDb Successfully!","timestamp":"2025-05-27 17:59:49"}
{"level":"info","message":"Server started on port 5000","timestamp":"2025-05-27 18:00:22"}
{"level":"info","message":"Connect to MongoDb Successfully!","timestamp":"2025-05-27 18:00:24"}
{"level":"info","message":"Server started on port 5000","timestamp":"2025-05-27 18:00:36"}
{"level":"info","message":"Connect to MongoDb Successfully!","timestamp":"2025-05-27 18:00:38"}
{"level":"info","message":"Server started on port 5000","timestamp":"2025-05-27 18:02:59"}
{"level":"info","message":"Connect to MongoDb Successfully!","timestamp":"2025-05-27 18:03:01"}
{"level":"info","message":"Server started on port 5000","timestamp":"2025-05-27 18:05:47"}
{"level":"info","message":"Server started on port 5000","timestamp":"2025-05-27 18:06:02"}
{"level":"info","message":"Connect to MongoDb Successfully!","timestamp":"2025-05-27 18:06:04"}
{"level":"info","message":"Server started on port 5000","timestamp":"2025-05-27 18:06:52"}
{"level":"info","message":"Server started on port 5000","timestamp":"2025-05-27 18:07:08"}
{"level":"info","message":"Connect to MongoDb Successfully!","timestamp":"2025-05-27 18:07:10"}
{"level":"info","message":"Server started on port 5000","timestamp":"2025-05-27 18:09:53"}
{"level":"info","message":"Connect to MongoDb Successfully!","timestamp":"2025-05-27 18:09:55"}
{"level":"info","message":"Server started on port 5000","timestamp":"2025-05-27 18:11:50"}
{"level":"info","message":"Connect to MongoDb Successfully!","timestamp":"2025-05-27 18:11:54"}
{"level":"info","message":"Server started on port 5000","timestamp":"2025-05-27 18:12:42"}
{"level":"info","message":"Connect to MongoDb Successfully!","timestamp":"2025-05-27 18:12:46"}
{"level":"info","message":"Server started on port 5000","timestamp":"2025-05-27 18:13:27"}
{"level":"info","message":"Connect to MongoDb Successfully!","timestamp":"2025-05-27 18:13:29"}
{"level":"info","message":"Server started on port 5000","timestamp":"2025-05-27 18:13:45"}
{"level":"info","message":"Connect to MongoDb Successfully!","timestamp":"2025-05-27 18:13:47"}
{"level":"info","message":"Server started on port 5000","timestamp":"2025-05-27 18:14:19"}
{"level":"info","message":"Connect to MongoDb Successfully!","timestamp":"2025-05-27 18:14:21"}
{"level":"info","message":"Server started on port 5000","timestamp":"2025-05-27 18:15:44"}
{"level":"info","message":"Server started on port 5000","timestamp":"2025-05-27 18:16:42"}
{"level":"info","message":"Connect to MongoDb Successfully!","timestamp":"2025-05-27 18:16:44"}
{"level":"info","message":"Server started on port 5000","timestamp":"2025-05-27 18:17:00"}
{"level":"info","message":"Connect to MongoDb Successfully!","timestamp":"2025-05-27 18:17:02"}
{"level":"info","message":"Server started on port 5000","timestamp":"2025-05-27 18:17:54"}
{"level":"info","message":"Connect to MongoDb Successfully!","timestamp":"2025-05-27 18:17:56"}
{"level":"info","message":"Server started on port 5000","timestamp":"2025-05-27 18:21:31"}
{"level":"info","message":"Connect to MongoDb Successfully!","timestamp":"2025-05-27 18:21:35"}
{"level":"info","message":"Server started on port 5000","timestamp":"2025-05-27 18:22:34"}
{"level":"info","message":"Server started on port 5000","timestamp":"2025-05-27 18:22:55"}
{"level":"info","message":"Connect to MongoDb Successfully!","timestamp":"2025-05-27 18:22:57"}
{"level":"info","message":"Server started on port 5000","timestamp":"2025-05-27 18:23:55"}
{"level":"info","message":"Connect to MongoDb Successfully!","timestamp":"2025-05-27 18:23:57"}
{"level":"info","message":"Server started on port 5000","timestamp":"2025-05-27 18:24:17"}
{"level":"info","message":"Connect to MongoDb Successfully!","timestamp":"2025-05-27 18:24:18"}
{"level":"info","message":"Server started on port 5000","timestamp":"2025-05-27 18:24:35"}
{"level":"info","message":"Server started on port 5000","timestamp":"2025-05-27 18:24:51"}
{"level":"info","message":"Connect to MongoDb Successfully!","timestamp":"2025-05-27 18:24:53"}
{"level":"info","message":"Server started on port 5000","timestamp":"2025-05-27 18:26:24"}
{"level":"info","message":"Connect to MongoDb Successfully!","timestamp":"2025-05-27 18:26:26"}
{"level":"info","message":"Server started on port 5000","timestamp":"2025-05-27 18:28:12"}
{"level":"info","message":"Connect to MongoDb Successfully!","timestamp":"2025-05-27 18:28:14"}
{"level":"info","message":"Server started on port 5000","timestamp":"2025-05-27 18:28:49"}
{"level":"info","message":"Connect to MongoDb Successfully!","timestamp":"2025-05-27 18:28:52"}
{"level":"info","message":"Server started on port 5000","timestamp":"2025-05-27 18:29:06"}
{"level":"info","message":"Server started on port 5000","timestamp":"2025-05-27 18:29:22"}
{"level":"info","message":"Connect to MongoDb Successfully!","timestamp":"2025-05-27 18:29:24"}
{"level":"info","message":"Server started on port 5000","timestamp":"2025-05-27 18:44:29"}
{"level":"info","message":"Connect to MongoDb Successfully!","timestamp":"2025-05-27 18:44:31"}
{"level":"info","message":"Server started on port 5000","timestamp":"2025-05-27 18:46:01"}
{"level":"info","message":"Connect to MongoDb Successfully!","timestamp":"2025-05-27 18:46:05"}
{"level":"info","message":"Server started on port 5000","timestamp":"2025-05-27 19:08:32"}
{"level":"info","message":"Connect to MongoDb Successfully!","timestamp":"2025-05-27 19:08:34"}
{"level":"info","message":"Server started on port 5000","timestamp":"2025-05-27 19:16:20"}
{"level":"info","message":"Connect to MongoDb Successfully!","timestamp":"2025-05-27 19:16:22"}
{"level":"info","message":"Server started on port 5000","timestamp":"2025-05-27 19:19:23"}
{"level":"info","message":"Connect to MongoDb Successfully!","timestamp":"2025-05-27 19:19:25"}
{"level":"info","message":"Server started on port 5000","timestamp":"2025-05-27 19:19:59"}
{"level":"info","message":"Connect to MongoDb Successfully!","timestamp":"2025-05-27 19:20:01"}
{"level":"info","message":"Server started on port 5000","timestamp":"2025-05-27 19:20:39"}
{"level":"info","message":"Connect to MongoDb Successfully!","timestamp":"2025-05-27 19:20:41"}
{"level":"info","message":"Server started on port 5000","timestamp":"2025-05-27 19:20:50"}
{"level":"info","message":"Connect to MongoDb Successfully!","timestamp":"2025-05-27 19:20:52"}
{"level":"info","message":"Server started on port 5000","timestamp":"2025-05-27 19:21:11"}
{"level":"info","message":"Connect to MongoDb Successfully!","timestamp":"2025-05-27 19:21:13"}
{"level":"info","message":"Server started on port 5000","timestamp":"2025-05-27 19:22:00"}
{"level":"info","message":"Connect to MongoDb Successfully!","timestamp":"2025-05-27 19:22:01"}
{"level":"info","message":"Server started on port 5000","timestamp":"2025-05-27 19:29:02"}
{"level":"info","message":"Server started on port 5000","timestamp":"2025-05-27 19:29:14"}
{"level":"info","message":"Connect to MongoDb Successfully!","timestamp":"2025-05-27 19:29:16"}
{"level":"info","message":"Server started on port 5000","timestamp":"2025-05-27 19:30:08"}
{"level":"info","message":"Connect to MongoDb Successfully!","timestamp":"2025-05-27 19:30:10"}
{"level":"info","message":"Server started on port 5000","timestamp":"2025-05-27 19:31:47"}
{"level":"info","message":"Connect to MongoDb Successfully!","timestamp":"2025-05-27 19:31:49"}
{"level":"info","message":"Server started on port 5000","timestamp":"2025-05-27 19:32:44"}
{"level":"info","message":"Connect to MongoDb Successfully!","timestamp":"2025-05-27 19:32:46"}
{"level":"info","message":"Server started on port 5000","timestamp":"2025-05-27 19:33:06"}
{"level":"info","message":"Connect to MongoDb Successfully!","timestamp":"2025-05-27 19:33:08"}
{"level":"info","message":"Server started on port 5000","timestamp":"2025-05-27 19:33:17"}
{"level":"info","message":"Connect to MongoDb Successfully!","timestamp":"2025-05-27 19:33:19"}
{"level":"info","message":"Server started on port 5000","timestamp":"2025-05-27 19:33:30"}
{"level":"info","message":"Server started on port 5000","timestamp":"2025-05-27 19:33:43"}
{"level":"info","message":"Connect to MongoDb Successfully!","timestamp":"2025-05-27 19:33:44"}
{"level":"info","message":"Server started on port 5000","timestamp":"2025-05-27 19:36:23"}
{"level":"info","message":"Connect to MongoDb Successfully!","timestamp":"2025-05-27 19:36:24"}
{"level":"info","message":"Server started on port 5000","timestamp":"2025-05-27 20:16:06"}
{"level":"info","message":"Connect to MongoDb Successfully!","timestamp":"2025-05-27 20:16:08"}
{"level":"info","message":"Server started on port 5000","timestamp":"2025-05-27 20:16:17"}
{"level":"info","message":"Connect to MongoDb Successfully!","timestamp":"2025-05-27 20:16:18"}
{"level":"info","message":"Server started on port 5000","timestamp":"2025-05-27 20:17:03"}
{"level":"info","message":"Server started on port 5000","timestamp":"2025-05-27 20:17:21"}
{"level":"info","message":"Connect to MongoDb Successfully!","timestamp":"2025-05-27 20:17:23"}
{"level":"info","message":"Server started on port 5000","timestamp":"2025-05-27 20:17:57"}
{"level":"info","message":"Connect to MongoDb Successfully!","timestamp":"2025-05-27 20:17:59"}
{"level":"info","message":"Server started on port 5000","timestamp":"2025-05-27 20:21:12"}
{"level":"info","message":"Connect to MongoDb Successfully!","timestamp":"2025-05-27 20:21:13"}
{"level":"info","message":"Server started on port 5000","timestamp":"2025-05-27 20:23:38"}
{"level":"info","message":"Connect to MongoDb Successfully!","timestamp":"2025-05-27 20:23:40"}
{"level":"info","message":"Server started on port 5000","timestamp":"2025-05-27 20:32:17"}
{"level":"info","message":"Connect to MongoDb Successfully!","timestamp":"2025-05-27 20:32:19"}
{"level":"info","message":"Server started on port 5000","timestamp":"2025-05-27 20:32:42"}
{"level":"info","message":"Connect to MongoDb Successfully!","timestamp":"2025-05-27 20:32:44"}
{"level":"info","message":"Server started on port 5000","timestamp":"2025-05-27 20:33:58"}
{"level":"info","message":"Connect to MongoDb Successfully!","timestamp":"2025-05-27 20:34:01"}
{"level":"info","message":"Server started on port 5000","timestamp":"2025-05-27 20:36:37"}
{"level":"info","message":"Connect to MongoDb Successfully!","timestamp":"2025-05-27 20:36:39"}
{"level":"info","message":"Server started on port 5000","timestamp":"2025-05-27 21:11:35"}
{"level":"info","message":"Connect to MongoDb Successfully!","timestamp":"2025-05-27 21:11:37"}
{"level":"info","message":"Server started on port 5000","timestamp":"2025-05-27 21:12:09"}
{"level":"info","message":"Server started on port 5000","timestamp":"2025-05-27 21:12:41"}
{"level":"info","message":"Server started on port 5000","timestamp":"2025-05-27 21:12:48"}
{"level":"info","message":"Connect to MongoDb Successfully!","timestamp":"2025-05-27 21:12:50"}
{"level":"info","message":"Server started on port 5000","timestamp":"2025-05-27 21:13:08"}
{"level":"info","message":"Connect to MongoDb Successfully!","timestamp":"2025-05-27 21:13:09"}
{"level":"info","message":"Server started on port 5000","timestamp":"2025-05-27 21:13:31"}
{"level":"info","message":"Server started on port 5000","timestamp":"2025-05-27 21:13:47"}
{"level":"info","message":"Connect to MongoDb Successfully!","timestamp":"2025-05-27 21:13:48"}
{"level":"info","message":"Server started on port 5000","timestamp":"2025-05-27 21:14:40"}
{"level":"info","message":"Connect to MongoDb Successfully!","timestamp":"2025-05-27 21:14:41"}
{"level":"info","message":"Server started on port 5000","timestamp":"2025-05-27 21:15:02"}
{"level":"info","message":"Connect to MongoDb Successfully!","timestamp":"2025-05-27 21:15:04"}
{"level":"info","message":"Model download progress: NaN%","timestamp":"2025-05-27 21:16:19"}
{"level":"info","message":"Model download progress: NaN%","timestamp":"2025-05-27 21:16:19"}
{"level":"info","message":"Model download progress: NaN%","timestamp":"2025-05-27 21:16:19"}
{"level":"info","message":"Model download progress: NaN%","timestamp":"2025-05-27 21:16:19"}
{"level":"info","message":"Model download progress: NaN%","timestamp":"2025-05-27 21:16:19"}
{"level":"info","message":"Model download progress: NaN%","timestamp":"2025-05-27 21:16:19"}
{"level":"info","message":"Model download progress: 100%","timestamp":"2025-05-27 21:16:19"}
{"level":"info","message":"Model download progress: NaN%","timestamp":"2025-05-27 21:16:19"}
{"level":"info","message":"Model download progress: 100%","timestamp":"2025-05-27 21:16:19"}
{"level":"info","message":"Model download progress: NaN%","timestamp":"2025-05-27 21:16:19"}
{"level":"info","message":"Model download progress: NaN%","timestamp":"2025-05-27 21:16:19"}
{"level":"info","message":"Model download progress: NaN%","timestamp":"2025-05-27 21:16:19"}
{"level":"info","message":"Model download progress: 100%","timestamp":"2025-05-27 21:16:19"}
{"level":"info","message":"Model download progress: NaN%","timestamp":"2025-05-27 21:16:19"}
{"level":"info","message":"Model download progress: 100%","timestamp":"2025-05-27 21:16:19"}
{"level":"info","message":"Model download progress: NaN%","timestamp":"2025-05-27 21:16:19"}
{"level":"info","message":"Model download progress: NaN%","timestamp":"2025-05-27 21:16:19"}
{"level":"info","message":"Embedding model ready","timestamp":"2025-05-27 21:16:19"}
{"level":"info","message":"Processing 2 chunks","timestamp":"2025-05-27 21:16:19"}
{"level":"info","message":"Server started on port 5000","timestamp":"2025-05-27 21:17:31"}
{"level":"info","message":"Connect to MongoDb Successfully!","timestamp":"2025-05-27 21:17:32"}
{"level":"info","message":"Server started on port 5000","timestamp":"2025-05-27 23:22:56"}
{"level":"info","message":"Connect to MongoDb Successfully!","timestamp":"2025-05-27 23:22:58"}
{"level":"info","message":"Server started on port 5000","timestamp":"2025-05-27 23:23:15"}
{"level":"info","message":"Connect to MongoDb Successfully!","timestamp":"2025-05-27 23:23:17"}
{"level":"info","message":"Server started on port 5000","timestamp":"2025-05-27 23:23:24"}
{"level":"info","message":"Server started on port 5000","timestamp":"2025-05-27 23:23:47"}
{"level":"info","message":"Connect to MongoDb Successfully!","timestamp":"2025-05-27 23:23:49"}
{"level":"info","message":"Model download progress: NaN%","timestamp":"2025-05-27 23:27:56"}
{"level":"info","message":"Model download progress: NaN%","timestamp":"2025-05-27 23:27:56"}
{"level":"info","message":"Model download progress: NaN%","timestamp":"2025-05-27 23:27:56"}
{"level":"info","message":"Model download progress: NaN%","timestamp":"2025-05-27 23:27:56"}
{"level":"info","message":"Model download progress: NaN%","timestamp":"2025-05-27 23:27:56"}
{"level":"info","message":"Model download progress: NaN%","timestamp":"2025-05-27 23:27:56"}
{"level":"info","message":"Model download progress: 100%","timestamp":"2025-05-27 23:27:56"}
{"level":"info","message":"Model download progress: NaN%","timestamp":"2025-05-27 23:27:56"}
{"level":"info","message":"Model download progress: 100%","timestamp":"2025-05-27 23:27:56"}
{"level":"info","message":"Model download progress: NaN%","timestamp":"2025-05-27 23:27:56"}
{"level":"info","message":"Model download progress: NaN%","timestamp":"2025-05-27 23:27:56"}
{"level":"info","message":"Model download progress: NaN%","timestamp":"2025-05-27 23:27:56"}
{"level":"info","message":"Model download progress: 100%","timestamp":"2025-05-27 23:27:56"}
{"level":"info","message":"Model download progress: NaN%","timestamp":"2025-05-27 23:27:56"}
{"level":"info","message":"Model download progress: 100%","timestamp":"2025-05-27 23:27:56"}
{"level":"info","message":"Model download progress: NaN%","timestamp":"2025-05-27 23:27:56"}
{"level":"info","message":"Model download progress: NaN%","timestamp":"2025-05-27 23:27:56"}
{"level":"info","message":"Embedding model ready","timestamp":"2025-05-27 23:27:56"}
{"level":"info","message":"Processing 2 chunks","timestamp":"2025-05-27 23:27:56"}
{"level":"info","message":"Server started on port 5000","timestamp":"2025-05-27 23:32:54"}
{"level":"info","message":"Connect to MongoDb Successfully!","timestamp":"2025-05-27 23:32:56"}
{"level":"info","message":"Server started on port 5000","timestamp":"2025-05-27 23:35:53"}
{"level":"info","message":"Connect to MongoDb Successfully!","timestamp":"2025-05-27 23:35:54"}
{"level":"info","message":"Server started on port 5000","timestamp":"2025-05-27 23:36:28"}
{"level":"info","message":"Server started on port 5000","timestamp":"2025-05-27 23:36:52"}
{"level":"info","message":"Connect to MongoDb Successfully!","timestamp":"2025-05-27 23:36:55"}
{"level":"info","message":"Model download progress: NaN%","timestamp":"2025-05-27 23:37:07"}
{"level":"info","message":"Model download progress: NaN%","timestamp":"2025-05-27 23:37:07"}
{"level":"info","message":"Model download progress: NaN%","timestamp":"2025-05-27 23:37:07"}
{"level":"info","message":"Model download progress: NaN%","timestamp":"2025-05-27 23:37:07"}
{"level":"info","message":"Model download progress: NaN%","timestamp":"2025-05-27 23:37:07"}
{"level":"info","message":"Model download progress: NaN%","timestamp":"2025-05-27 23:37:07"}
{"level":"info","message":"Model download progress: 100%","timestamp":"2025-05-27 23:37:07"}
{"level":"info","message":"Model download progress: NaN%","timestamp":"2025-05-27 23:37:07"}
{"level":"info","message":"Model download progress: 100%","timestamp":"2025-05-27 23:37:07"}
{"level":"info","message":"Model download progress: NaN%","timestamp":"2025-05-27 23:37:07"}
{"level":"info","message":"Model download progress: NaN%","timestamp":"2025-05-27 23:37:07"}
{"level":"info","message":"Model download progress: NaN%","timestamp":"2025-05-27 23:37:07"}
{"level":"info","message":"Model download progress: 100%","timestamp":"2025-05-27 23:37:07"}
{"level":"info","message":"Model download progress: NaN%","timestamp":"2025-05-27 23:37:07"}
{"level":"info","message":"Model download progress: 100%","timestamp":"2025-05-27 23:37:07"}
{"level":"info","message":"Model download progress: NaN%","timestamp":"2025-05-27 23:37:07"}
{"level":"info","message":"Model download progress: NaN%","timestamp":"2025-05-27 23:37:07"}
{"level":"info","message":"Embedding model ready","timestamp":"2025-05-27 23:37:07"}
{"level":"info","message":"Processing 2 chunks","timestamp":"2025-05-27 23:37:07"}
{"level":"info","message":"Processing 2 chunks","timestamp":"2025-05-27 23:38:58"}
{"level":"info","message":"Server started on port 5000","timestamp":"2025-05-27 23:39:54"}
{"level":"info","message":"Connect to MongoDb Successfully!","timestamp":"2025-05-27 23:39:56"}
{"level":"info","message":"Model download progress: NaN%","timestamp":"2025-05-27 23:41:38"}
{"level":"info","message":"Model download progress: NaN%","timestamp":"2025-05-27 23:41:38"}
{"level":"info","message":"Model download progress: NaN%","timestamp":"2025-05-27 23:41:38"}
{"level":"info","message":"Model download progress: NaN%","timestamp":"2025-05-27 23:41:38"}
{"level":"info","message":"Model download progress: NaN%","timestamp":"2025-05-27 23:41:38"}
{"level":"info","message":"Model download progress: NaN%","timestamp":"2025-05-27 23:41:38"}
{"level":"info","message":"Model download progress: 100%","timestamp":"2025-05-27 23:41:39"}
{"level":"info","message":"Model download progress: NaN%","timestamp":"2025-05-27 23:41:39"}
{"level":"info","message":"Model download progress: 100%","timestamp":"2025-05-27 23:41:39"}
{"level":"info","message":"Model download progress: NaN%","timestamp":"2025-05-27 23:41:39"}
{"level":"info","message":"Model download progress: NaN%","timestamp":"2025-05-27 23:41:39"}
{"level":"info","message":"Model download progress: NaN%","timestamp":"2025-05-27 23:41:39"}
{"level":"info","message":"Model download progress: 100%","timestamp":"2025-05-27 23:41:39"}
{"level":"info","message":"Model download progress: NaN%","timestamp":"2025-05-27 23:41:39"}
{"level":"info","message":"Model download progress: 100%","timestamp":"2025-05-27 23:41:39"}
{"level":"info","message":"Model download progress: NaN%","timestamp":"2025-05-27 23:41:39"}
{"level":"info","message":"Model download progress: NaN%","timestamp":"2025-05-27 23:41:39"}
{"level":"info","message":"Embedding model ready","timestamp":"2025-05-27 23:41:39"}
{"level":"info","message":"Processing 2 chunks","timestamp":"2025-05-27 23:41:39"}
{"level":"info","message":"Server started on port 5000","timestamp":"2025-05-27 23:42:36"}
{"level":"info","message":"Connect to MongoDb Successfully!","timestamp":"2025-05-27 23:42:38"}
{"level":"info","message":"Model download progress: NaN%","timestamp":"2025-05-27 23:43:14"}
{"level":"info","message":"Model download progress: NaN%","timestamp":"2025-05-27 23:43:14"}
{"level":"info","message":"Model download progress: NaN%","timestamp":"2025-05-27 23:43:14"}
{"level":"info","message":"Model download progress: NaN%","timestamp":"2025-05-27 23:43:15"}
{"level":"info","message":"Model download progress: NaN%","timestamp":"2025-05-27 23:43:15"}
{"level":"info","message":"Model download progress: NaN%","timestamp":"2025-05-27 23:43:15"}
{"level":"info","message":"Model download progress: 100%","timestamp":"2025-05-27 23:43:15"}
{"level":"info","message":"Model download progress: NaN%","timestamp":"2025-05-27 23:43:15"}
{"level":"info","message":"Model download progress: 100%","timestamp":"2025-05-27 23:43:15"}
{"level":"info","message":"Model download progress: NaN%","timestamp":"2025-05-27 23:43:15"}
{"level":"info","message":"Model download progress: NaN%","timestamp":"2025-05-27 23:43:15"}
{"level":"info","message":"Model download progress: NaN%","timestamp":"2025-05-27 23:43:15"}
{"level":"info","message":"Model download progress: 100%","timestamp":"2025-05-27 23:43:15"}
{"level":"info","message":"Model download progress: NaN%","timestamp":"2025-05-27 23:43:15"}
{"level":"info","message":"Model download progress: 100%","timestamp":"2025-05-27 23:43:15"}
{"level":"info","message":"Model download progress: NaN%","timestamp":"2025-05-27 23:43:15"}
{"level":"info","message":"Model download progress: NaN%","timestamp":"2025-05-27 23:43:15"}
{"level":"info","message":"Embedding model ready","timestamp":"2025-05-27 23:43:15"}
{"level":"info","message":"Processing 1 chunks","timestamp":"2025-05-27 23:43:15"}
{"level":"info","message":"Processing 2 chunks","timestamp":"2025-05-27 23:43:15"}
{"level":"info","message":"Server started on port 5000","timestamp":"2025-05-27 23:55:28"}
{"level":"info","message":"Connect to MongoDb Successfully!","timestamp":"2025-05-27 23:55:30"}
{"level":"info","message":"Server started on port 5000","timestamp":"2025-05-27 23:56:18"}
{"level":"info","message":"Server started on port 5000","timestamp":"2025-05-27 23:56:32"}
{"level":"info","message":"Connect to MongoDb Successfully!","timestamp":"2025-05-27 23:56:34"}
{"level":"info","message":"Server started on port 5000","timestamp":"2025-05-27 23:58:10"}
{"level":"info","message":"Connect to MongoDb Successfully!","timestamp":"2025-05-27 23:58:14"}
{"level":"info","message":"Server started on port 5000","timestamp":"2025-05-27 23:59:08"}
{"level":"info","message":"Connect to MongoDb Successfully!","timestamp":"2025-05-27 23:59:10"}
